{
  "stats": {
    "suites": 1,
    "tests": 1,
    "passes": 1,
    "pending": 0,
    "failures": 0,
    "start": "2026-05-16T01:38:34.734Z",
    "end": "2026-05-16T01:38:37.393Z",
    "duration": 2659,
    "testsRegistered": 1,
    "passPercent": 100,
    "pendingPercent": 0,
    "other": 0,
    "hasOther": false,
    "skipped": 0,
    "hasSkipped": false
  },
  "results": [
    {
      "uuid": "cf30e33e-ad5f-45a7-aebb-86b115f8f8e2",
      "title": "",
      "fullFile": "cypress\\e2e\\checkboxvalidation.cy.js",
      "file": "cypress\\e2e\\checkboxvalidation.cy.js",
      "beforeHooks": [],
      "afterHooks": [],
      "tests": [],
      "suites": [
        {
          "uuid": "9afeb2cc-0650-40ce-b092-22cfc5615742",
          "title": "checkbox validations",
          "fullFile": "",
          "file": "",
          "beforeHooks": [],
          "afterHooks": [],
          "tests": [
            {
              "title": "Checkbox actions flow",
              "fullTitle": "checkbox validations Checkbox actions flow",
              "timedOut": null,
              "duration": 2508,
              "state": "passed",
              "speed": "fast",
              "pass": true,
              "fail": false,
              "pending": false,
              "context": null,
              "code": "_checkboxpage.default.clickOnElements();\n_checkboxpage.default.clickOnCheckboxmenu();\n_checkboxpage.default.clickOnhome();\n_checkboxpage.default.getResult().should('contain', 'home');\n_checkboxpage.default.getHomecheckbox().should('have.attr', 'aria-checked', 'false');",
              "err": {},
              "uuid": "e6617fc5-7291-4457-a97e-4c9dab27608e",
              "parentUUID": "9afeb2cc-0650-40ce-b092-22cfc5615742",
              "isHook": false,
              "skipped": false
            }
          ],
          "suites": [],
          "passes": [
            "e6617fc5-7291-4457-a97e-4c9dab27608e"
          ],
          "failures": [],
          "pending": [],
          "skipped": [],
          "duration": 2508,
          "root": false,
          "rootEmpty": false,
          "_timeout": 2000
        }
      ],
      "passes": [],
      "failures": [],
      "pending": [],
      "skipped": [],
      "duration": 0,
      "root": true,
      "rootEmpty": true,
      "_timeout": 2000
    }
  ],
  "meta": {
    "mocha": {
      "version": "7.2.0"
    },
    "mochawesome": {
      "options": {
        "quiet": false,
        "reportFilename": "mochawesome",
        "saveHtml": true,
        "saveJson": true,
        "consoleReporter": "spec",
        "useInlineDiffs": false,
        "code": true
      },
      "version": "7.1.4"
    },
    "marge": {
      "options": {
        "reportDir": "cypress/reports",
        "overwrite": false,
        "html": true,
        "json": true
      },
      "version": "6.3.2"
    }
  }
}