{
  "stats": {
    "suites": 1,
    "tests": 2,
    "passes": 2,
    "pending": 0,
    "failures": 0,
    "start": "2026-05-16T01:38:40.949Z",
    "end": "2026-05-16T01:38:45.195Z",
    "duration": 4246,
    "testsRegistered": 2,
    "passPercent": 100,
    "pendingPercent": 0,
    "other": 0,
    "hasOther": false,
    "skipped": 0,
    "hasSkipped": false
  },
  "results": [
    {
      "uuid": "e61c3345-8318-4a06-8c30-53f1a87c2cd0",
      "title": "",
      "fullFile": "cypress\\e2e\\downloadUpload.cy.js",
      "file": "cypress\\e2e\\downloadUpload.cy.js",
      "beforeHooks": [],
      "afterHooks": [],
      "tests": [],
      "suites": [
        {
          "uuid": "c1daa919-7db2-45bb-82e3-ae7875ffd0be",
          "title": "Validate file downlaod and upload",
          "fullFile": "",
          "file": "",
          "beforeHooks": [],
          "afterHooks": [],
          "tests": [
            {
              "title": "Filedownload Test",
              "fullTitle": "Validate file downlaod and upload Filedownload Test",
              "timedOut": null,
              "duration": 2601,
              "state": "passed",
              "speed": "fast",
              "pass": true,
              "fail": false,
              "pending": false,
              "context": null,
              "code": "_downloadUploadPage.default.downloadBtn().click();\ncy.readFile('cypress/downloads/sampleFile.jpeg', {\n  timeout: 1000\n}).should('exist');",
              "err": {},
              "uuid": "66998aaa-620e-4e4a-9f13-52506afc355f",
              "parentUUID": "c1daa919-7db2-45bb-82e3-ae7875ffd0be",
              "isHook": false,
              "skipped": false
            },
            {
              "title": "FileUpload Test",
              "fullTitle": "Validate file downlaod and upload FileUpload Test",
              "timedOut": null,
              "duration": 1075,
              "state": "passed",
              "speed": "fast",
              "pass": true,
              "fail": false,
              "pending": false,
              "context": null,
              "code": "_downloadUploadPage.default.uploadFile().selectFile('cypress/fixtures/example.json');\n_downloadUploadPage.default.uploadPath().should('contain', 'example.json');",
              "err": {},
              "uuid": "c0d8ebd0-cd26-40f1-8269-99ecc23af8f0",
              "parentUUID": "c1daa919-7db2-45bb-82e3-ae7875ffd0be",
              "isHook": false,
              "skipped": false
            }
          ],
          "suites": [],
          "passes": [
            "66998aaa-620e-4e4a-9f13-52506afc355f",
            "c0d8ebd0-cd26-40f1-8269-99ecc23af8f0"
          ],
          "failures": [],
          "pending": [],
          "skipped": [],
          "duration": 3676,
          "root": false,
          "rootEmpty": false,
          "_timeout": 2000
        }
      ],
      "passes": [],
      "failures": [],
      "pending": [],
      "skipped": [],
      "duration": 0,
      "root": true,
      "rootEmpty": true,
      "_timeout": 2000
    }
  ],
  "meta": {
    "mocha": {
      "version": "7.2.0"
    },
    "mochawesome": {
      "options": {
        "quiet": false,
        "reportFilename": "mochawesome",
        "saveHtml": true,
        "saveJson": true,
        "consoleReporter": "spec",
        "useInlineDiffs": false,
        "code": true
      },
      "version": "7.1.4"
    },
    "marge": {
      "options": {
        "reportDir": "cypress/reports",
        "overwrite": false,
        "html": true,
        "json": true
      },
      "version": "6.3.2"
    }
  }
}