{
  "stats": {
    "suites": 1,
    "tests": 2,
    "passes": 2,
    "pending": 0,
    "failures": 0,
    "start": "2026-05-16T01:38:48.735Z",
    "end": "2026-05-16T01:38:53.776Z",
    "duration": 5041,
    "testsRegistered": 2,
    "passPercent": 100,
    "pendingPercent": 0,
    "other": 0,
    "hasOther": false,
    "skipped": 0,
    "hasSkipped": false
  },
  "results": [
    {
      "uuid": "1456fa52-75da-434f-b5f7-f3a3316ce021",
      "title": "",
      "fullFile": "cypress\\e2e\\frames.cy.js",
      "file": "cypress\\e2e\\frames.cy.js",
      "beforeHooks": [],
      "afterHooks": [],
      "tests": [],
      "suites": [
        {
          "uuid": "5ee49e2b-1084-4719-9707-a710cfb1a847",
          "title": "Frame hanling",
          "fullFile": "",
          "file": "",
          "beforeHooks": [],
          "afterHooks": [],
          "tests": [
            {
              "title": "Verify first iframe",
              "fullTitle": "Frame hanling Verify first iframe",
              "timedOut": null,
              "duration": 2993,
              "state": "passed",
              "speed": "fast",
              "pass": true,
              "fail": false,
              "pending": false,
              "context": null,
              "code": "_framesPage.default.getFrameBody(_framesPage.default.getFrame1()).find('#sampleHeading').should('contain', 'This is a sample page');",
              "err": {},
              "uuid": "f248990c-9529-45d3-82bc-f59e0c41cc98",
              "parentUUID": "5ee49e2b-1084-4719-9707-a710cfb1a847",
              "isHook": false,
              "skipped": false
            },
            {
              "title": "Verify secopnd frame",
              "fullTitle": "Frame hanling Verify secopnd frame",
              "timedOut": null,
              "duration": 1679,
              "state": "passed",
              "speed": "fast",
              "pass": true,
              "fail": false,
              "pending": false,
              "context": null,
              "code": "_framesPage.default.getFrameBody(_framesPage.default.getFrame1()).find('#sampleHeading').should('contain', 'This is a sample page');",
              "err": {},
              "uuid": "28148e07-b2f4-455a-8254-85c4f5a966e1",
              "parentUUID": "5ee49e2b-1084-4719-9707-a710cfb1a847",
              "isHook": false,
              "skipped": false
            }
          ],
          "suites": [],
          "passes": [
            "f248990c-9529-45d3-82bc-f59e0c41cc98",
            "28148e07-b2f4-455a-8254-85c4f5a966e1"
          ],
          "failures": [],
          "pending": [],
          "skipped": [],
          "duration": 4672,
          "root": false,
          "rootEmpty": false,
          "_timeout": 2000
        }
      ],
      "passes": [],
      "failures": [],
      "pending": [],
      "skipped": [],
      "duration": 0,
      "root": true,
      "rootEmpty": true,
      "_timeout": 2000
    }
  ],
  "meta": {
    "mocha": {
      "version": "7.2.0"
    },
    "mochawesome": {
      "options": {
        "quiet": false,
        "reportFilename": "mochawesome",
        "saveHtml": true,
        "saveJson": true,
        "consoleReporter": "spec",
        "useInlineDiffs": false,
        "code": true
      },
      "version": "7.1.4"
    },
    "marge": {
      "options": {
        "reportDir": "cypress/reports",
        "overwrite": false,
        "html": true,
        "json": true
      },
      "version": "6.3.2"
    }
  }
}